# JRE version: Java(TM) SE Runtime Environment 18.9 (11.0.13+10) (build 11.0.13+10-LTS-370)
# Java VM: Java HotSpot(TM) 64-Bit Server VM 18.9 (11.0.13+10-LTS-370, mixed mode, tiered, compressed oops, g1 gc, windows-amd64)
Heap:
 garbage-first heap   total 136192K, used 52804K [0x00000000c0200000, 0x0000000100000000)
  region size 1024K, 27 young (27648K), 4 survivors (4096K)
 Metaspace       used 70297K, capacity 72296K, committed 72576K, reserved 1112064K
  class space    used 8941K, capacity 9733K, committed 9856K, reserved 1048576K
GC Heap History (10 events):
Event: 22.797 GC heap before
{Heap before GC invocations=15 (full 0):
 garbage-first heap   total 136192K, used 79511K [0x00000000c0200000, 0x0000000100000000)
  region size 1024K, 64 young (65536K), 2 survivors (2048K)
 Metaspace       used 47912K, capacity 49295K, committed 49664K, reserved 1091584K
  class space    used 5971K, capacity 6531K, committed 6656K, reserved 1048576K
}
Event: 22.837 GC heap after
{Heap after GC invocations=16 (full 0):
 garbage-first heap   total 136192K, used 19687K [0x00000000c0200000, 0x0000000100000000)
  region size 1024K, 5 young (5120K), 5 survivors (5120K)
 Metaspace       used 47912K, capacity 49295K, committed 49664K, reserved 1091584K
  class space    used 5971K, capacity 6531K, committed 6656K, reserved 1048576K
}
Event: 27.742 GC heap before
{Heap before GC invocations=16 (full 0):
 garbage-first heap   total 136192K, used 87271K [0x00000000c0200000, 0x0000000100000000)
  region size 1024K, 72 young (73728K), 5 survivors (5120K)
 Metaspace       used 58461K, capacity 60083K, committed 60160K, reserved 1101824K
  class space    used 7475K, capacity 8162K, committed 8192K, reserved 1048576K
}
Event: 27.824 GC heap after
{Heap after GC invocations=17 (full 0):
 garbage-first heap   total 136192K, used 22775K [0x00000000c0200000, 0x0000000100000000)
  region size 1024K, 8 young (8192K), 8 survivors (8192K)
 Metaspace       used 58461K, capacity 60083K, committed 60160K, reserved 1101824K
  class space    used 7475K, capacity 8162K, committed 8192K, reserved 1048576K
}
Event: 31.679 GC heap before
{Heap before GC invocations=18 (full 0):
 garbage-first heap   total 136192K, used 94455K [0x00000000c0200000, 0x0000000100000000)
  region size 1024K, 78 young (79872K), 8 survivors (8192K)
 Metaspace       used 62429K, capacity 64225K, committed 64384K, reserved 1105920K
  class space    used 8044K, capacity 8746K, committed 8832K, reserved 1048576K
}
Event: 31.753 GC heap after
{Heap after GC invocations=19 (full 0):
 garbage-first heap   total 136192K, used 25942K [0x00000000c0200000, 0x0000000100000000)
  region size 1024K, 7 young (7168K), 7 survivors (7168K)
 Metaspace       used 62429K, capacity 64225K, committed 64384K, reserved 1105920K
  class space    used 8044K, capacity 8746K, committed 8832K, reserved 1048576K
}
Event: 852.734 GC heap before
{Heap before GC invocations=19 (full 0):
 garbage-first heap   total 136192K, used 98646K [0x00000000c0200000, 0x0000000100000000)
  region size 1024K, 78 young (79872K), 7 survivors (7168K)
 Metaspace       used 68300K, capacity 70179K, committed 70528K, reserved 1110016K
  class space    used 8746K, capacity 9487K, committed 9600K, reserved 1048576K
}
Event: 852.785 GC heap after
{Heap after GC invocations=20 (full 0):
 garbage-first heap   total 136192K, used 28672K [0x00000000c0200000, 0x0000000100000000)
  region size 1024K, 6 young (6144K), 6 survivors (6144K)
 Metaspace       used 68300K, capacity 70179K, committed 70528K, reserved 1110016K
  class space    used 8746K, capacity 9487K, committed 9600K, reserved 1048576K
}
Event: 2479.228 GC heap before
{Heap before GC invocations=20 (full 0):
 garbage-first heap   total 136192K, used 102400K [0x00000000c0200000, 0x0000000100000000)
  region size 1024K, 78 young (79872K), 6 survivors (6144K)
 Metaspace       used 70191K, capacity 72156K, committed 72320K, reserved 1112064K
  class space    used 8939K, capacity 9729K, committed 9856K, reserved 1048576K
}
Event: 2479.431 GC heap after
{Heap after GC invocations=21 (full 0):
 garbage-first heap   total 136192K, used 30276K [0x00000000c0200000, 0x0000000100000000)
  region size 1024K, 4 young (4096K), 4 survivors (4096K)
 Metaspace       used 70191K, capacity 72156K, committed 72320K, reserved 1112064K
  class space    used 8939K, capacity 9729K, committed 9856K, reserved 1048576K
}

